<?xml version="1.0" encoding="UTF-8" ?>
<testsuite tests="1" failures="0" name="com.spring.core.AnnotationBasedConfiguration.AppTest" time="0.007" errors="0" skipped="0">
  <properties>
    <property name="java.runtime.name" value="Java(TM) SE Runtime Environment"/>
    <property name="sun.boot.library.path" value="C:\java\jdk1.8.0_51\jre\bin"/>
    <property name="java.vm.version" value="25.121-b13"/>
    <property name="java.vm.vendor" value="Oracle Corporation"/>
    <property name="maven.multiModuleProjectDirectory" value="C:\codebase\git\AnnotationBasedConfiguration"/>
    <property name="java.vendor.url" value="http://java.oracle.com/"/>
    <property name="path.separator" value=";"/>
    <property name="guice.disable.misplaced.annotation.check" value="true"/>
    <property name="java.vm.name" value="Java HotSpot(TM) 64-Bit Server VM"/>
    <property name="file.encoding.pkg" value="sun.io"/>
    <property name="user.script" value=""/>
    <property name="user.country" value="US"/>
    <property name="sun.java.launcher" value="SUN_STANDARD"/>
    <property name="sun.os.patch.level" value=""/>
    <property name="java.vm.specification.name" value="Java Virtual Machine Specification"/>
    <property name="user.dir" value="C:\codebase\git\AnnotationBasedConfiguration"/>
    <property name="java.runtime.version" value="1.8.0_121-b13"/>
    <property name="java.awt.graphicsenv" value="sun.awt.Win32GraphicsEnvironment"/>
    <property name="java.endorsed.dirs" value="C:\java\jdk1.8.0_51\jre\lib\endorsed"/>
    <property name="os.arch" value="amd64"/>
    <property name="java.io.tmpdir" value="C:\Users\ashrafii\AppData\Local\Temp\"/>
    <property name="line.separator" value="
"/>
    <property name="java.vm.specification.vendor" value="Oracle Corporation"/>
    <property name="user.variant" value=""/>
    <property name="os.name" value="Windows 10"/>
    <property name="classworlds.conf" value="C:\codebase\git\.metadata\.plugins\org.eclipse.m2e.launching\launches\m2conf5775757693930216027.tmp"/>
    <property name="sun.jnu.encoding" value="Cp1252"/>
    <property name="java.library.path" value="C:\java\jdk1.8.0_51\bin;C:\WINDOWS\Sun\Java\bin;C:\WINDOWS\system32;C:\WINDOWS;C:/java/jdk1.8.0_51/bin/../jre/bin/server;C:/java/jdk1.8.0_51/bin/../jre/bin;C:/java/jdk1.8.0_51/bin/../jre/lib/amd64;C:\Perl\site\bin;C:\Perl\bin;C:\Program Files (x86)\Common Files\NetSarang;C:\Program Files\HP_Fortify\HP_Fortify_SCA_and_Apps_4.42\bin;C:\WINDOWS\system32;C:\WINDOWS;C:\WINDOWS\System32\Wbem;C:\WINDOWS\System32\WindowsPowerShell\v1.0\;C:\WINDOWS\CCM;C:\Program Files\Perforce;C:\Program Files\Git\cmd;C:\work\workspace\ashrafi.vap-16.2.1-dev.all\VAP\misc\ant\bin;C:\Program Files\nodejs\;C:\Python27;C:\Program Files (x86)\Microsoft VS Code\bin;C:\Program Files\Git\bin;C:\Users\ashrafii\AppData\Roaming\npm;C:\java\jdk1.8.0_51\bin;C:\Program Files\Docker Toolbox\minikube;C:\Program Files\Docker Toolbox\kubectl;C:\gradle-4.5.1\bin;C:\Program Files\Microsoft SQL Server\Client SDK\ODBC\130\Tools\Binn\;C:\Program Files (x86)\Microsoft SQL Server\130\Tools\Binn\;C:\Program Files\Microsoft SQL Server\130\Tools\Binn\;C:\Program Files\Microsoft SQL Server\130\DTS\Binn\;C:\Program Files (x86)\Microsoft SQL Server\Client SDK\ODBC\130\Tools\Binn\;C:\Program Files (x86)\Microsoft SQL Server\140\Tools\Binn\;C:\Program Files (x86)\Microsoft SQL Server\140\DTS\Binn\;C:\Program Files (x86)\Microsoft SQL Server\140\Tools\Binn\ManagementStudio\;C:\java\jdk1.8.0_51\bin;C:\Perl\site\bin;C:\Perl\bin;C:\Program Files (x86)\Common Files\NetSarang;C:\Program Files\HP_Fortify\HP_Fortify_SCA_and_Apps_4.42\bin;C:\WINDOWS\system32;C:\WINDOWS;C:\WINDOWS\System32\Wbem;C:\WINDOWS\System32\WindowsPowerShell\v1.0\;C:\WINDOWS\CCM;C:\Program Files\Perforce;C:\Program Files\Git\cmd;C:\work\workspace\ashrafi.vap-16.2.1-dev.all\VAP\misc\ant\bin;C:\Program Files\nodejs\;C:\Python27;C:\Program Files (x86)\Microsoft VS Code\bin;C:\Program Files\Git\bin;C:\Users\ashrafii\AppData\Roaming\npm;C:\java\jdk1.8.0_51\bin;C:\Program Files\Docker Toolbox\minikube;C:\Program Files\Docker Toolbox\kubectl;C:\gradle-4.5.1\bin;C:\Program Files\Microsoft SQL Server\Client SDK\ODBC\130\Tools\Binn\;C:\Program Files (x86)\Microsoft SQL Server\130\Tools\Binn\;C:\Program Files\Microsoft SQL Server\130\Tools\Binn\;C:\Program Files\Microsoft SQL Server\130\DTS\Binn\;C:\Program Files (x86)\Microsoft SQL Server\Client SDK\ODBC\130\Tools\Binn\;C:\Program Files (x86)\Microsoft SQL Server\140\Tools\Binn\;C:\Program Files (x86)\Microsoft SQL Server\140\DTS\Binn\;C:\Program Files (x86)\Microsoft SQL Server\140\Tools\Binn\ManagementStudio\;C:\Program Files\Docker Toolbox;C:\eclipse\eclipse-jee-neon-3-RC3-win32-x86_64;;."/>
    <property name="java.specification.name" value="Java Platform API Specification"/>
    <property name="java.class.version" value="52.0"/>
    <property name="sun.management.compiler" value="HotSpot 64-Bit Tiered Compilers"/>
    <property name="os.version" value="10.0"/>
    <property name="user.home" value="C:\Users\ashrafii"/>
    <property name="user.timezone" value="Asia/Calcutta"/>
    <property name="java.awt.printerjob" value="sun.awt.windows.WPrinterJob"/>
    <property name="java.specification.version" value="1.8"/>
    <property name="file.encoding" value="Cp1252"/>
    <property name="user.name" value="ashrafii"/>
    <property name="java.class.path" value="/C:/eclipse/eclipse-jee-neon-3-RC3-win32-x86_64/plugins/org.eclipse.m2e.maven.runtime_1.7.0.20160603-1931/jars/plexus-classworlds-2.5.2.jar"/>
    <property name="java.vm.specification.version" value="1.8"/>
    <property name="sun.arch.data.model" value="64"/>
    <property name="java.home" value="C:\java\jdk1.8.0_51\jre"/>
    <property name="sun.java.command" value="org.codehaus.plexus.classworlds.launcher.Launcher -B install"/>
    <property name="java.specification.vendor" value="Oracle Corporation"/>
    <property name="user.language" value="en"/>
    <property name="awt.toolkit" value="sun.awt.windows.WToolkit"/>
    <property name="java.vm.info" value="mixed mode"/>
    <property name="java.version" value="1.8.0_121"/>
    <property name="java.ext.dirs" value="C:\java\jdk1.8.0_51\jre\lib\ext;C:\WINDOWS\Sun\Java\lib\ext"/>
    <property name="sun.boot.class.path" value="C:\java\jdk1.8.0_51\jre\lib\resources.jar;C:\java\jdk1.8.0_51\jre\lib\rt.jar;C:\java\jdk1.8.0_51\jre\lib\sunrsasign.jar;C:\java\jdk1.8.0_51\jre\lib\jsse.jar;C:\java\jdk1.8.0_51\jre\lib\jce.jar;C:\java\jdk1.8.0_51\jre\lib\charsets.jar;C:\java\jdk1.8.0_51\jre\lib\jfr.jar;C:\java\jdk1.8.0_51\jre\classes"/>
    <property name="java.vendor" value="Oracle Corporation"/>
    <property name="maven.home" value="C:\codebase\git\AnnotationBasedConfiguration\EMBEDDED"/>
    <property name="file.separator" value="\"/>
    <property name="java.vendor.url.bug" value="http://bugreport.sun.com/bugreport/"/>
    <property name="sun.cpu.endian" value="little"/>
    <property name="sun.io.unicode.encoding" value="UnicodeLittle"/>
    <property name="sun.desktop" value="windows"/>
    <property name="sun.cpu.isalist" value="amd64"/>
  </properties>
  <testcase classname="com.spring.core.AnnotationBasedConfiguration.AppTest" name="testApp" time="0.007"/>
</testsuite>